  NeuralNetworks.cpp
C:\Users\david\MFF_UK\3.semester\cpp\slivkad\project\src\NeuralNetworks\constants.h(4,25): warning C4305: 'initializing': truncation from 'double' to 'const float'
  (compiling source file 'NeuralNetworks.cpp')
  
C:\Program Files\Microsoft Visual Studio\2022\Community\VC\Tools\MSVC\14.39.33519\include\variant(12): warning STL4038: The contents of <variant> are available only with C++17 or later.
C:\Users\david\MFF_UK\3.semester\cpp\slivkad\project\src\NeuralNetworks\DataStorage.h(255,14): warning C4267: 'initializing': conversion from 'size_t' to 'int', possible loss of data
  (compiling source file 'NeuralNetworks.cpp')
  
C:\Users\david\MFF_UK\3.semester\cpp\slivkad\project\src\NeuralNetworks\DataStorage.h(272,14): warning C4267: 'initializing': conversion from 'size_t' to 'int', possible loss of data
  (compiling source file 'NeuralNetworks.cpp')
  
C:\Users\david\MFF_UK\3.semester\cpp\slivkad\project\src\NeuralNetworks\DataStorage.h(359,42): warning C4267: '=': conversion from 'size_t' to 'int', possible loss of data
  (compiling source file 'NeuralNetworks.cpp')
  
C:\Users\david\MFF_UK\3.semester\cpp\slivkad\project\src\NeuralNetworks\DataStorage.h(362,21): warning C4267: 'initializing': conversion from 'size_t' to 'int', possible loss of data
  (compiling source file 'NeuralNetworks.cpp')
  
C:\Users\david\MFF_UK\3.semester\cpp\slivkad\project\src\NeuralNetworks\DataStorage.h(525,17): warning C4244: 'initializing': conversion from '__int64' to 'int', possible loss of data
  (compiling source file 'NeuralNetworks.cpp')
  
C:\Users\david\MFF_UK\3.semester\cpp\slivkad\project\src\NeuralNetworks\DataStorage.h(634,14): warning C4267: 'initializing': conversion from 'size_t' to 'int', possible loss of data
  (compiling source file 'NeuralNetworks.cpp')
  
C:\Users\david\MFF_UK\3.semester\cpp\slivkad\project\src\NeuralNetworks\Layer.h(161,20): warning C4267: 'initializing': conversion from 'size_t' to 'int', possible loss of data
  (compiling source file 'NeuralNetworks.cpp')
  C:\Users\david\MFF_UK\3.semester\cpp\slivkad\project\src\NeuralNetworks\Layer.h(161,20):
  the template instantiation context (the oldest one first) is
  	C:\Users\david\MFF_UK\3.semester\cpp\slivkad\project\src\NeuralNetworks\NeuralNetworks.cpp(27,48):
  	while processing the default template argument of 'std::shared_ptr<Layer<DataType>>::shared_ptr(std::shared_ptr<_Ty2> &&) noexcept'
          with
          [
              DataType=DataType
          ]
  	C:\Program Files\Microsoft Visual Studio\2022\Community\VC\Tools\MSVC\14.39.33519\include\memory(1608,88):
  	see reference to class template instantiation 'std::_SP_pointer_compatible<Dense<DataType>,Layer<DataType>>' being compiled
          with
          [
              DataType=DataType
          ]
  	C:\Program Files\Microsoft Visual Studio\2022\Community\VC\Tools\MSVC\14.39.33519\include\memory(1475,62):
  	see reference to class template instantiation 'std::is_convertible<_Yty *,_Ty *>' being compiled
          with
          [
              _Yty=Dense<DataType>,
              _Ty=Layer<DataType>
          ]
  	C:\Program Files\Microsoft Visual Studio\2022\Community\VC\Tools\MSVC\14.39.33519\include\type_traits(323,39):
  	see reference to class template instantiation 'Dense<DataType>' being compiled
  	C:\Users\david\MFF_UK\3.semester\cpp\slivkad\project\src\NeuralNetworks\Layer.h(160,102):
  	while compiling class template member function 'Vector<float> Dense<DataType>::backward(const Vector<float> &,float)'
  
C:\Users\david\MFF_UK\3.semester\cpp\slivkad\project\src\NeuralNetworks\Layer.h(162,21): warning C4267: 'initializing': conversion from 'size_t' to 'int', possible loss of data
  (compiling source file 'NeuralNetworks.cpp')
  
C:\Users\david\MFF_UK\3.semester\cpp\slivkad\project\src\NeuralNetworks\LossFunctions.h(102,24): warning C4244: '=': conversion from 'double' to 'DataType', possible loss of data
C:\Users\david\MFF_UK\3.semester\cpp\slivkad\project\src\NeuralNetworks\LossFunctions.h(102,24): warning C4244:         with
C:\Users\david\MFF_UK\3.semester\cpp\slivkad\project\src\NeuralNetworks\LossFunctions.h(102,24): warning C4244:         [
C:\Users\david\MFF_UK\3.semester\cpp\slivkad\project\src\NeuralNetworks\LossFunctions.h(102,24): warning C4244:             DataType=float
C:\Users\david\MFF_UK\3.semester\cpp\slivkad\project\src\NeuralNetworks\LossFunctions.h(102,24): warning C4244:         ]
  (compiling source file 'NeuralNetworks.cpp')
  C:\Users\david\MFF_UK\3.semester\cpp\slivkad\project\src\NeuralNetworks\LossFunctions.h(102,24):
  the template instantiation context (the oldest one first) is
  	C:\Users\david\MFF_UK\3.semester\cpp\slivkad\project\src\NeuralNetworks\NeuralNetworks.cpp(93,36):
  	see reference to class template instantiation 'MeanSquaredErrorLoss<DataType>' being compiled
  	C:\Users\david\MFF_UK\3.semester\cpp\slivkad\project\src\NeuralNetworks\LossFunctions.h(98,122):
  	while compiling class template member function 'Vector<float> MeanSquaredErrorLoss<DataType>::forward(const Vector<float> &,const Vector<float> &)'
  		C:\Users\david\MFF_UK\3.semester\cpp\slivkad\project\src\NeuralNetworks\NeuralNetworks.cpp(112,24):
  		see the first reference to 'MeanSquaredErrorLoss<DataType>::forward' in 'testSmallHousing'
  
C:\Users\david\MFF_UK\3.semester\cpp\slivkad\project\src\NeuralNetworks\Matrix.h(229,41): warning C4244: '=': conversion from 'double' to '_Ty', possible loss of data
C:\Users\david\MFF_UK\3.semester\cpp\slivkad\project\src\NeuralNetworks\Matrix.h(229,41): warning C4244:         with
C:\Users\david\MFF_UK\3.semester\cpp\slivkad\project\src\NeuralNetworks\Matrix.h(229,41): warning C4244:         [
C:\Users\david\MFF_UK\3.semester\cpp\slivkad\project\src\NeuralNetworks\Matrix.h(229,41): warning C4244:             _Ty=float
C:\Users\david\MFF_UK\3.semester\cpp\slivkad\project\src\NeuralNetworks\Matrix.h(229,41): warning C4244:         ]
  (compiling source file 'NeuralNetworks.cpp')
  C:\Users\david\MFF_UK\3.semester\cpp\slivkad\project\src\NeuralNetworks\Matrix.h(229,41):
  the template instantiation context (the oldest one first) is
  	C:\Users\david\MFF_UK\3.semester\cpp\slivkad\project\src\NeuralNetworks\NeuralNetworks.cpp(27,20):
  	see reference to function template instantiation 'std::shared_ptr<Dense<DataType>> std::make_shared<Dense<DataType>,int,int>(int &&,int &&)' being compiled
  	C:\Program Files\Microsoft Visual Studio\2022\Community\VC\Tools\MSVC\14.39.33519\include\memory(2738,46):
  	see reference to function template instantiation 'std::_Ref_count_obj2<Dense<DataType>>::_Ref_count_obj2<_Ty,_Ty>(_Ty &&,_Ty &&)' being compiled
          with
          [
              _Ty=int
          ]
  	C:\Program Files\Microsoft Visual Studio\2022\Community\VC\Tools\MSVC\14.39.33519\include\memory(2062,18):
  	see reference to function template instantiation 'void std::_Construct_in_place<_Ty,int,int>(_Ty &,int &&,int &&) noexcept(false)' being compiled
          with
          [
              _Ty=Dense<DataType>
          ]
  	C:\Users\david\MFF_UK\3.semester\cpp\slivkad\project\src\NeuralNetworks\Layer.h(149,5):
  	while compiling class template member function 'Dense<DataType>::Dense(int,int)'
  	C:\Users\david\MFF_UK\3.semester\cpp\slivkad\project\src\NeuralNetworks\Matrix.h(223,104):
  	while compiling class template member function 'Matrix<float> Matrix<float>::random(size_t,size_t,DataType,DataType)'
          with
          [
              DataType=float
          ]
  
  NeuralNetworks.vcxproj -> C:\Users\david\MFF_UK\3.semester\cpp\slivkad\project\src\NeuralNetworks\x64\Debug\NeuralNetworks.exe
